0 info it worked if it ends with ok
1 verbose cli [ '/home/agamemnon/.nvm/versions/node/v4.4.7/bin/node',
1 verbose cli   '/home/agamemnon/.nvm/versions/node/v4.4.7/bin/npm',
1 verbose cli   'run',
1 verbose cli   'generate-mock-url',
1 verbose cli   'tenant: vw-es, language: es, seoName: nuevo-beetle, carline: 30700, salesGroup: 36280, trimName: design, modelId: 5C23EX-GPA2PA2-GPC2PC2-GPJZPJZ-GPJ2PJ2-GPLAPLA-MSNRS3C-GZRGZRG, modelYear: 2017, modelVersion: 0, exteriorColor: +, interiorColor: +, options: +, page: summary' ]
2 info using npm@2.15.8
3 info using node@v4.4.7
4 verbose config Skipping project config: /home/agamemnon/.npmrc. (matches userconfig)
5 verbose stack Error: ENOENT: no such file or directory, open '/home/agamemnon/package.json'
5 verbose stack     at Error (native)
6 verbose cwd /home/agamemnon/vim-dotfiles
7 error Linux 4.7.0-1-ARCH
8 error argv "/home/agamemnon/.nvm/versions/node/v4.4.7/bin/node" "/home/agamemnon/.nvm/versions/node/v4.4.7/bin/npm" "run" "generate-mock-url" "tenant: vw-es, language: es, seoName: nuevo-beetle, carline: 30700, salesGroup: 36280, trimName: design, modelId: 5C23EX-GPA2PA2-GPC2PC2-GPJZPJZ-GPJ2PJ2-GPLAPLA-MSNRS3C-GZRGZRG, modelYear: 2017, modelVersion: 0, exteriorColor: +, interiorColor: +, options: +, page: summary"
9 error node v4.4.7
10 error npm  v2.15.8
11 error path /home/agamemnon/package.json
12 error code ENOENT
13 error errno -2
14 error syscall open
15 error enoent ENOENT: no such file or directory, open '/home/agamemnon/package.json'
15 error enoent This is most likely not a problem with npm itself
15 error enoent and is related to npm not being able to find a file.
16 verbose exit [ -2, true ]
